[2024-10-29 09:06:03] local.INFO: Board ID: 1  
[2024-10-29 09:06:03] local.INFO: Current Board: {"id":1,"workspace_id":1,"access":"private","name":"b\u1ea3ng a","description":null,"image":null,"comment_rights":true,"add_delete_rights":true,"edit_workspace":true,"link_invite":"http:\/\/127.0.0.1:8000\/taskflow\/invite\/b\/2002c8db-f71f-4790-b5b7-7b1ef8bca07e\/ChLRWWe2pWEjhMMz306zifYrwZf3UJ2h4HMVVyKw","complete":0,"created_at":"2024-10-27T14:44:40.000000Z","updated_at":"2024-10-27T14:44:40.000000Z"}  
[2024-10-29 09:06:03] local.INFO: Is Board Public: false  
[2024-10-29 09:06:03] local.INFO: Is Member Of Board: true  
[2024-10-29 09:06:03] local.INFO: User Role: Owner  
[2024-10-29 09:06:03] local.INFO: User has full access as Owner  
[2024-10-29 09:06:10] local.INFO: Board ID: 4  
[2024-10-29 09:06:10] local.INFO: Current Board: null  
[2024-10-29 09:06:10] local.INFO: Board ID: 1  
[2024-10-29 09:06:10] local.INFO: Current Board: {"id":1,"workspace_id":1,"access":"private","name":"b\u1ea3ng a","description":null,"image":null,"comment_rights":true,"add_delete_rights":true,"edit_workspace":true,"link_invite":"http:\/\/127.0.0.1:8000\/taskflow\/invite\/b\/2002c8db-f71f-4790-b5b7-7b1ef8bca07e\/ChLRWWe2pWEjhMMz306zifYrwZf3UJ2h4HMVVyKw","complete":0,"created_at":"2024-10-27T14:44:40.000000Z","updated_at":"2024-10-27T14:44:40.000000Z"}  
[2024-10-29 09:06:10] local.INFO: Is Board Public: false  
[2024-10-29 09:06:10] local.INFO: Is Member Of Board: true  
[2024-10-29 09:06:10] local.INFO: User Role: Owner  
[2024-10-29 09:06:10] local.INFO: User has full access as Owner  
[2024-10-29 09:06:19] local.ERROR: Connection could not be established with host "smtp.gmail.com:587": stream_socket_client(): php_network_getaddresses: getaddrinfo for smtp.gmail.com failed: No such host is known.  {"exception":"[object] (Symfony\\Component\\Mailer\\Exception\\TransportException(code: 0): Connection could not be established with host \"smtp.gmail.com:587\": stream_socket_client(): php_network_getaddresses: getaddrinfo for smtp.gmail.com failed: No such host is known.  at E:\\laragon\\www\\DUANTOTNGHIEP_NEW\\DuAnTotNghiep\\vendor\\symfony\\mailer\\Transport\\Smtp\\Stream\\SocketStream.php:154)
[stacktrace]
#0 [internal function]: Symfony\\Component\\Mailer\\Transport\\Smtp\\Stream\\SocketStream->Symfony\\Component\\Mailer\\Transport\\Smtp\\Stream\\{closure}(2, 'stream_socket_c...', 'E:\\\\laragon\\\\www\\\\...', 157)
#1 E:\\laragon\\www\\DUANTOTNGHIEP_NEW\\DuAnTotNghiep\\vendor\\symfony\\mailer\\Transport\\Smtp\\Stream\\SocketStream.php(157): stream_socket_client('smtp.gmail.com:...', 0, '', 60.0, 4, Resource id #1251)
#2 E:\\laragon\\www\\DUANTOTNGHIEP_NEW\\DuAnTotNghiep\\vendor\\symfony\\mailer\\Transport\\Smtp\\SmtpTransport.php(275): Symfony\\Component\\Mailer\\Transport\\Smtp\\Stream\\SocketStream->initialize()
#3 E:\\laragon\\www\\DUANTOTNGHIEP_NEW\\DuAnTotNghiep\\vendor\\symfony\\mailer\\Transport\\Smtp\\SmtpTransport.php(209): Symfony\\Component\\Mailer\\Transport\\Smtp\\SmtpTransport->start()
#4 E:\\laragon\\www\\DUANTOTNGHIEP_NEW\\DuAnTotNghiep\\vendor\\symfony\\mailer\\Transport\\AbstractTransport.php(69): Symfony\\Component\\Mailer\\Transport\\Smtp\\SmtpTransport->doSend(Object(Symfony\\Component\\Mailer\\SentMessage))
#5 E:\\laragon\\www\\DUANTOTNGHIEP_NEW\\DuAnTotNghiep\\vendor\\symfony\\mailer\\Transport\\Smtp\\SmtpTransport.php(137): Symfony\\Component\\Mailer\\Transport\\AbstractTransport->send(Object(Symfony\\Component\\Mime\\Email), Object(Symfony\\Component\\Mailer\\DelayedEnvelope))
#6 E:\\laragon\\www\\DUANTOTNGHIEP_NEW\\DuAnTotNghiep\\vendor\\laravel\\framework\\src\\Illuminate\\Mail\\Mailer.php(573): Symfony\\Component\\Mailer\\Transport\\Smtp\\SmtpTransport->send(Object(Symfony\\Component\\Mime\\Email), Object(Symfony\\Component\\Mailer\\DelayedEnvelope))
#7 E:\\laragon\\www\\DUANTOTNGHIEP_NEW\\DuAnTotNghiep\\vendor\\laravel\\framework\\src\\Illuminate\\Mail\\Mailer.php(335): Illuminate\\Mail\\Mailer->sendSymfonyMessage(Object(Symfony\\Component\\Mime\\Email))
#8 E:\\laragon\\www\\DUANTOTNGHIEP_NEW\\DuAnTotNghiep\\vendor\\laravel\\framework\\src\\Illuminate\\Notifications\\Channels\\MailChannel.php(66): Illuminate\\Mail\\Mailer->send(Object(Closure), Array, Object(Closure))
#9 E:\\laragon\\www\\DUANTOTNGHIEP_NEW\\DuAnTotNghiep\\vendor\\laravel\\framework\\src\\Illuminate\\Notifications\\NotificationSender.php(148): Illuminate\\Notifications\\Channels\\MailChannel->send(Object(App\\Models\\User), Object(App\\Notifications\\BoardMemberNotification))
#10 E:\\laragon\\www\\DUANTOTNGHIEP_NEW\\DuAnTotNghiep\\vendor\\laravel\\framework\\src\\Illuminate\\Notifications\\NotificationSender.php(106): Illuminate\\Notifications\\NotificationSender->sendToNotifiable(Object(App\\Models\\User), 'c5baed49-f58e-4...', Object(App\\Notifications\\BoardMemberNotification), 'mail')
#11 E:\\laragon\\www\\DUANTOTNGHIEP_NEW\\DuAnTotNghiep\\vendor\\laravel\\framework\\src\\Illuminate\\Support\\Traits\\Localizable.php(19): Illuminate\\Notifications\\NotificationSender->Illuminate\\Notifications\\{closure}()
#12 E:\\laragon\\www\\DUANTOTNGHIEP_NEW\\DuAnTotNghiep\\vendor\\laravel\\framework\\src\\Illuminate\\Notifications\\NotificationSender.php(101): Illuminate\\Notifications\\NotificationSender->withLocale(NULL, Object(Closure))
#13 E:\\laragon\\www\\DUANTOTNGHIEP_NEW\\DuAnTotNghiep\\vendor\\laravel\\framework\\src\\Illuminate\\Notifications\\ChannelManager.php(54): Illuminate\\Notifications\\NotificationSender->sendNow(Object(Illuminate\\Database\\Eloquent\\Collection), Object(App\\Notifications\\BoardMemberNotification), Array)
#14 E:\\laragon\\www\\DUANTOTNGHIEP_NEW\\DuAnTotNghiep\\vendor\\laravel\\framework\\src\\Illuminate\\Notifications\\SendQueuedNotifications.php(119): Illuminate\\Notifications\\ChannelManager->sendNow(Object(Illuminate\\Database\\Eloquent\\Collection), Object(App\\Notifications\\BoardMemberNotification), Array)
#15 E:\\laragon\\www\\DUANTOTNGHIEP_NEW\\DuAnTotNghiep\\vendor\\laravel\\framework\\src\\Illuminate\\Container\\BoundMethod.php(36): Illuminate\\Notifications\\SendQueuedNotifications->handle(Object(Illuminate\\Notifications\\ChannelManager))
#16 E:\\laragon\\www\\DUANTOTNGHIEP_NEW\\DuAnTotNghiep\\vendor\\laravel\\framework\\src\\Illuminate\\Container\\Util.php(41): Illuminate\\Container\\BoundMethod::Illuminate\\Container\\{closure}()
#17 E:\\laragon\\www\\DUANTOTNGHIEP_NEW\\DuAnTotNghiep\\vendor\\laravel\\framework\\src\\Illuminate\\Container\\BoundMethod.php(93): Illuminate\\Container\\Util::unwrapIfClosure(Object(Closure))
#18 E:\\laragon\\www\\DUANTOTNGHIEP_NEW\\DuAnTotNghiep\\vendor\\laravel\\framework\\src\\Illuminate\\Container\\BoundMethod.php(35): Illuminate\\Container\\BoundMethod::callBoundMethod(Object(Illuminate\\Foundation\\Application), Array, Object(Closure))
#19 E:\\laragon\\www\\DUANTOTNGHIEP_NEW\\DuAnTotNghiep\\vendor\\laravel\\framework\\src\\Illuminate\\Container\\Container.php(662): Illuminate\\Container\\BoundMethod::call(Object(Illuminate\\Foundation\\Application), Array, Array, NULL)
#20 E:\\laragon\\www\\DUANTOTNGHIEP_NEW\\DuAnTotNghiep\\vendor\\laravel\\framework\\src\\Illuminate\\Bus\\Dispatcher.php(128): Illuminate\\Container\\Container->call(Array)
#21 E:\\laragon\\www\\DUANTOTNGHIEP_NEW\\DuAnTotNghiep\\vendor\\laravel\\framework\\src\\Illuminate\\Pipeline\\Pipeline.php(144): Illuminate\\Bus\\Dispatcher->Illuminate\\Bus\\{closure}(Object(Illuminate\\Notifications\\SendQueuedNotifications))
#22 E:\\laragon\\www\\DUANTOTNGHIEP_NEW\\DuAnTotNghiep\\vendor\\laravel\\framework\\src\\Illuminate\\Pipeline\\Pipeline.php(119): Illuminate\\Pipeline\\Pipeline->Illuminate\\Pipeline\\{closure}(Object(Illuminate\\Notifications\\SendQueuedNotifications))
#23 E:\\laragon\\www\\DUANTOTNGHIEP_NEW\\DuAnTotNghiep\\vendor\\laravel\\framework\\src\\Illuminate\\Bus\\Dispatcher.php(132): Illuminate\\Pipeline\\Pipeline->then(Object(Closure))
#24 E:\\laragon\\www\\DUANTOTNGHIEP_NEW\\DuAnTotNghiep\\vendor\\laravel\\framework\\src\\Illuminate\\Queue\\CallQueuedHandler.php(123): Illuminate\\Bus\\Dispatcher->dispatchNow(Object(Illuminate\\Notifications\\SendQueuedNotifications), false)
#25 E:\\laragon\\www\\DUANTOTNGHIEP_NEW\\DuAnTotNghiep\\vendor\\laravel\\framework\\src\\Illuminate\\Pipeline\\Pipeline.php(144): Illuminate\\Queue\\CallQueuedHandler->Illuminate\\Queue\\{closure}(Object(Illuminate\\Notifications\\SendQueuedNotifications))
#26 E:\\laragon\\www\\DUANTOTNGHIEP_NEW\\DuAnTotNghiep\\vendor\\laravel\\framework\\src\\Illuminate\\Pipeline\\Pipeline.php(119): Illuminate\\Pipeline\\Pipeline->Illuminate\\Pipeline\\{closure}(Object(Illuminate\\Notifications\\SendQueuedNotifications))
#27 E:\\laragon\\www\\DUANTOTNGHIEP_NEW\\DuAnTotNghiep\\vendor\\laravel\\framework\\src\\Illuminate\\Queue\\CallQueuedHandler.php(122): Illuminate\\Pipeline\\Pipeline->then(Object(Closure))
#28 E:\\laragon\\www\\DUANTOTNGHIEP_NEW\\DuAnTotNghiep\\vendor\\laravel\\framework\\src\\Illuminate\\Queue\\CallQueuedHandler.php(70): Illuminate\\Queue\\CallQueuedHandler->dispatchThroughMiddleware(Object(Illuminate\\Queue\\Jobs\\DatabaseJob), Object(Illuminate\\Notifications\\SendQueuedNotifications))
#29 E:\\laragon\\www\\DUANTOTNGHIEP_NEW\\DuAnTotNghiep\\vendor\\laravel\\framework\\src\\Illuminate\\Queue\\Jobs\\Job.php(102): Illuminate\\Queue\\CallQueuedHandler->call(Object(Illuminate\\Queue\\Jobs\\DatabaseJob), Array)
#30 E:\\laragon\\www\\DUANTOTNGHIEP_NEW\\DuAnTotNghiep\\vendor\\laravel\\framework\\src\\Illuminate\\Queue\\Worker.php(439): Illuminate\\Queue\\Jobs\\Job->fire()
#31 E:\\laragon\\www\\DUANTOTNGHIEP_NEW\\DuAnTotNghiep\\vendor\\laravel\\framework\\src\\Illuminate\\Queue\\Worker.php(389): Illuminate\\Queue\\Worker->process('database', Object(Illuminate\\Queue\\Jobs\\DatabaseJob), Object(Illuminate\\Queue\\WorkerOptions))
#32 E:\\laragon\\www\\DUANTOTNGHIEP_NEW\\DuAnTotNghiep\\vendor\\laravel\\framework\\src\\Illuminate\\Queue\\Worker.php(176): Illuminate\\Queue\\Worker->runJob(Object(Illuminate\\Queue\\Jobs\\DatabaseJob), 'database', Object(Illuminate\\Queue\\WorkerOptions))
#33 E:\\laragon\\www\\DUANTOTNGHIEP_NEW\\DuAnTotNghiep\\vendor\\laravel\\framework\\src\\Illuminate\\Queue\\Console\\WorkCommand.php(137): Illuminate\\Queue\\Worker->daemon('database', 'default', Object(Illuminate\\Queue\\WorkerOptions))
#34 E:\\laragon\\www\\DUANTOTNGHIEP_NEW\\DuAnTotNghiep\\vendor\\laravel\\framework\\src\\Illuminate\\Queue\\Console\\WorkCommand.php(120): Illuminate\\Queue\\Console\\WorkCommand->runWorker('database', 'default')
#35 E:\\laragon\\www\\DUANTOTNGHIEP_NEW\\DuAnTotNghiep\\vendor\\laravel\\framework\\src\\Illuminate\\Container\\BoundMethod.php(36): Illuminate\\Queue\\Console\\WorkCommand->handle()
#36 E:\\laragon\\www\\DUANTOTNGHIEP_NEW\\DuAnTotNghiep\\vendor\\laravel\\framework\\src\\Illuminate\\Container\\Util.php(41): Illuminate\\Container\\BoundMethod::Illuminate\\Container\\{closure}()
#37 E:\\laragon\\www\\DUANTOTNGHIEP_NEW\\DuAnTotNghiep\\vendor\\laravel\\framework\\src\\Illuminate\\Container\\BoundMethod.php(93): Illuminate\\Container\\Util::unwrapIfClosure(Object(Closure))
#38 E:\\laragon\\www\\DUANTOTNGHIEP_NEW\\DuAnTotNghiep\\vendor\\laravel\\framework\\src\\Illuminate\\Container\\BoundMethod.php(35): Illuminate\\Container\\BoundMethod::callBoundMethod(Object(Illuminate\\Foundation\\Application), Array, Object(Closure))
#39 E:\\laragon\\www\\DUANTOTNGHIEP_NEW\\DuAnTotNghiep\\vendor\\laravel\\framework\\src\\Illuminate\\Container\\Container.php(662): Illuminate\\Container\\BoundMethod::call(Object(Illuminate\\Foundation\\Application), Array, Array, NULL)
#40 E:\\laragon\\www\\DUANTOTNGHIEP_NEW\\DuAnTotNghiep\\vendor\\laravel\\framework\\src\\Illuminate\\Console\\Command.php(211): Illuminate\\Container\\Container->call(Array)
#41 E:\\laragon\\www\\DUANTOTNGHIEP_NEW\\DuAnTotNghiep\\vendor\\symfony\\console\\Command\\Command.php(326): Illuminate\\Console\\Command->execute(Object(Symfony\\Component\\Console\\Input\\ArgvInput), Object(Illuminate\\Console\\OutputStyle))
#42 E:\\laragon\\www\\DUANTOTNGHIEP_NEW\\DuAnTotNghiep\\vendor\\laravel\\framework\\src\\Illuminate\\Console\\Command.php(180): Symfony\\Component\\Console\\Command\\Command->run(Object(Symfony\\Component\\Console\\Input\\ArgvInput), Object(Illuminate\\Console\\OutputStyle))
#43 E:\\laragon\\www\\DUANTOTNGHIEP_NEW\\DuAnTotNghiep\\vendor\\symfony\\console\\Application.php(1096): Illuminate\\Console\\Command->run(Object(Symfony\\Component\\Console\\Input\\ArgvInput), Object(Symfony\\Component\\Console\\Output\\ConsoleOutput))
#44 E:\\laragon\\www\\DUANTOTNGHIEP_NEW\\DuAnTotNghiep\\vendor\\symfony\\console\\Application.php(324): Symfony\\Component\\Console\\Application->doRunCommand(Object(Illuminate\\Queue\\Console\\WorkCommand), Object(Symfony\\Component\\Console\\Input\\ArgvInput), Object(Symfony\\Component\\Console\\Output\\ConsoleOutput))
#45 E:\\laragon\\www\\DUANTOTNGHIEP_NEW\\DuAnTotNghiep\\vendor\\symfony\\console\\Application.php(175): Symfony\\Component\\Console\\Application->doRun(Object(Symfony\\Component\\Console\\Input\\ArgvInput), Object(Symfony\\Component\\Console\\Output\\ConsoleOutput))
#46 E:\\laragon\\www\\DUANTOTNGHIEP_NEW\\DuAnTotNghiep\\vendor\\laravel\\framework\\src\\Illuminate\\Foundation\\Console\\Kernel.php(201): Symfony\\Component\\Console\\Application->run(Object(Symfony\\Component\\Console\\Input\\ArgvInput), Object(Symfony\\Component\\Console\\Output\\ConsoleOutput))
#47 E:\\laragon\\www\\DUANTOTNGHIEP_NEW\\DuAnTotNghiep\\artisan(35): Illuminate\\Foundation\\Console\\Kernel->handle(Object(Symfony\\Component\\Console\\Input\\ArgvInput), Object(Symfony\\Component\\Console\\Output\\ConsoleOutput))
#48 {main}
"} 
[2024-10-29 09:07:51] local.INFO: Board ID: 1  
[2024-10-29 09:07:51] local.INFO: Current Board: {"id":1,"workspace_id":1,"access":"private","name":"b\u1ea3ng a","description":null,"image":null,"comment_rights":true,"add_delete_rights":true,"edit_workspace":true,"link_invite":"http:\/\/127.0.0.1:8000\/taskflow\/invite\/b\/2002c8db-f71f-4790-b5b7-7b1ef8bca07e\/ChLRWWe2pWEjhMMz306zifYrwZf3UJ2h4HMVVyKw","complete":0,"created_at":"2024-10-27T14:44:40.000000Z","updated_at":"2024-10-27T14:44:40.000000Z"}  
[2024-10-29 09:07:51] local.INFO: Is Board Public: false  
[2024-10-29 09:07:51] local.INFO: Is Member Of Board: true  
[2024-10-29 09:07:51] local.INFO: User Role: Owner  
[2024-10-29 09:07:51] local.INFO: User has full access as Owner  
[2024-10-29 09:08:42] local.INFO: Board ID: 1  
[2024-10-29 09:08:42] local.INFO: Current Board: {"id":1,"workspace_id":1,"access":"private","name":"b\u1ea3ng a","description":null,"image":null,"comment_rights":true,"add_delete_rights":true,"edit_workspace":true,"link_invite":"http:\/\/127.0.0.1:8000\/taskflow\/invite\/b\/2002c8db-f71f-4790-b5b7-7b1ef8bca07e\/ChLRWWe2pWEjhMMz306zifYrwZf3UJ2h4HMVVyKw","complete":0,"created_at":"2024-10-27T14:44:40.000000Z","updated_at":"2024-10-27T14:44:40.000000Z"}  
[2024-10-29 09:08:42] local.INFO: Is Board Public: false  
[2024-10-29 09:08:42] local.INFO: Is Member Of Board: true  
[2024-10-29 09:08:42] local.INFO: User Role: Owner  
[2024-10-29 09:08:42] local.INFO: User has full access as Owner  
[2024-10-29 09:08:58] local.INFO: Board ID: 1  
[2024-10-29 09:08:58] local.INFO: Current Board: {"id":1,"workspace_id":1,"access":"private","name":"b\u1ea3ng a","description":null,"image":null,"comment_rights":true,"add_delete_rights":true,"edit_workspace":true,"link_invite":"http:\/\/127.0.0.1:8000\/taskflow\/invite\/b\/2002c8db-f71f-4790-b5b7-7b1ef8bca07e\/ChLRWWe2pWEjhMMz306zifYrwZf3UJ2h4HMVVyKw","complete":0,"created_at":"2024-10-27T14:44:40.000000Z","updated_at":"2024-10-27T14:44:40.000000Z"}  
[2024-10-29 09:08:58] local.INFO: Is Board Public: false  
[2024-10-29 09:08:58] local.INFO: Is Member Of Board: true  
[2024-10-29 09:08:58] local.INFO: User Role: Owner  
[2024-10-29 09:08:58] local.INFO: User has full access as Owner  
