[2024-10-28 09:50:42] local.INFO: Board ID: 1  
[2024-10-28 09:50:42] local.INFO: Current Board: {"id":1,"workspace_id":1,"access":"private","name":"bang 1","description":null,"image":null,"comment_rights":true,"add_delete_rights":true,"edit_workspace":true,"link_invite":"http:\/\/127.0.0.1:8000\/taskflow\/invite\/b\/66c31cca-58f2-42bf-9680-d421e0d09f9e\/gCwSjOM1ykSc5UtLMbp0PKt9kE15ek3E435b82Aa","complete":0,"created_at":"2024-10-26T07:17:35.000000Z","updated_at":"2024-10-26T07:17:35.000000Z"}  
[2024-10-28 09:50:42] local.INFO: Is Board Public: false  
[2024-10-28 09:50:42] local.INFO: Is Member Of Board: true  
[2024-10-28 09:50:42] local.INFO: User Role: Owner  
[2024-10-28 09:50:42] local.INFO: User has full access as Owner  
[2024-10-28 09:50:45] local.INFO: Board ID: 1  
[2024-10-28 09:50:45] local.INFO: Current Board: {"id":1,"workspace_id":1,"access":"private","name":"bang 1","description":null,"image":null,"comment_rights":true,"add_delete_rights":true,"edit_workspace":true,"link_invite":"http:\/\/127.0.0.1:8000\/taskflow\/invite\/b\/66c31cca-58f2-42bf-9680-d421e0d09f9e\/gCwSjOM1ykSc5UtLMbp0PKt9kE15ek3E435b82Aa","complete":0,"created_at":"2024-10-26T07:17:35.000000Z","updated_at":"2024-10-26T07:17:35.000000Z"}  
[2024-10-28 09:50:45] local.INFO: Is Board Public: false  
[2024-10-28 09:50:45] local.INFO: Is Member Of Board: true  
[2024-10-28 09:50:45] local.INFO: User Role: Owner  
[2024-10-28 09:50:45] local.INFO: User has full access as Owner  
[2024-10-28 09:50:50] local.INFO: Board ID: 1  
[2024-10-28 09:50:50] local.INFO: Current Board: {"id":1,"workspace_id":1,"access":"private","name":"bang 1","description":null,"image":null,"comment_rights":true,"add_delete_rights":true,"edit_workspace":true,"link_invite":"http:\/\/127.0.0.1:8000\/taskflow\/invite\/b\/66c31cca-58f2-42bf-9680-d421e0d09f9e\/gCwSjOM1ykSc5UtLMbp0PKt9kE15ek3E435b82Aa","complete":0,"created_at":"2024-10-26T07:17:35.000000Z","updated_at":"2024-10-26T07:17:35.000000Z"}  
[2024-10-28 09:50:50] local.INFO: Is Board Public: false  
[2024-10-28 09:50:50] local.INFO: Is Member Of Board: true  
[2024-10-28 09:50:50] local.INFO: User Role: Owner  
[2024-10-28 09:50:50] local.INFO: User has full access as Owner  
[2024-10-28 09:50:52] local.INFO: Board ID: 1  
[2024-10-28 09:50:52] local.INFO: Current Board: {"id":1,"workspace_id":1,"access":"private","name":"bang 1","description":null,"image":null,"comment_rights":true,"add_delete_rights":true,"edit_workspace":true,"link_invite":"http:\/\/127.0.0.1:8000\/taskflow\/invite\/b\/66c31cca-58f2-42bf-9680-d421e0d09f9e\/gCwSjOM1ykSc5UtLMbp0PKt9kE15ek3E435b82Aa","complete":0,"created_at":"2024-10-26T07:17:35.000000Z","updated_at":"2024-10-26T07:17:35.000000Z"}  
[2024-10-28 09:50:52] local.INFO: Is Board Public: false  
[2024-10-28 09:50:52] local.INFO: Is Member Of Board: true  
[2024-10-28 09:50:52] local.INFO: User Role: Owner  
[2024-10-28 09:50:52] local.INFO: User has full access as Owner  
[2024-10-28 10:09:51] local.INFO: Board ID: 1  
[2024-10-28 10:09:51] local.INFO: Current Board: {"id":1,"workspace_id":1,"access":"private","name":"bang 1","description":null,"image":null,"comment_rights":true,"add_delete_rights":true,"edit_workspace":true,"link_invite":"http:\/\/127.0.0.1:8000\/taskflow\/invite\/b\/66c31cca-58f2-42bf-9680-d421e0d09f9e\/gCwSjOM1ykSc5UtLMbp0PKt9kE15ek3E435b82Aa","complete":0,"created_at":"2024-10-26T07:17:35.000000Z","updated_at":"2024-10-26T07:17:35.000000Z"}  
[2024-10-28 10:09:51] local.INFO: Is Board Public: false  
[2024-10-28 10:09:51] local.INFO: Is Member Of Board: true  
[2024-10-28 10:09:51] local.INFO: User Role: Owner  
[2024-10-28 10:09:51] local.INFO: User has full access as Owner  
[2024-10-28 10:09:52] local.INFO: Board ID: 1  
[2024-10-28 10:09:52] local.INFO: Current Board: {"id":1,"workspace_id":1,"access":"private","name":"bang 1","description":null,"image":null,"comment_rights":true,"add_delete_rights":true,"edit_workspace":true,"link_invite":"http:\/\/127.0.0.1:8000\/taskflow\/invite\/b\/66c31cca-58f2-42bf-9680-d421e0d09f9e\/gCwSjOM1ykSc5UtLMbp0PKt9kE15ek3E435b82Aa","complete":0,"created_at":"2024-10-26T07:17:35.000000Z","updated_at":"2024-10-26T07:17:35.000000Z"}  
[2024-10-28 10:09:52] local.INFO: Is Board Public: false  
[2024-10-28 10:09:52] local.INFO: Is Member Of Board: true  
[2024-10-28 10:09:52] local.INFO: User Role: Owner  
[2024-10-28 10:09:52] local.INFO: User has full access as Owner  
[2024-10-28 10:12:18] local.INFO: Board ID: 1  
[2024-10-28 10:12:18] local.INFO: Current Board: {"id":1,"workspace_id":1,"access":"private","name":"bang 1","description":null,"image":null,"comment_rights":true,"add_delete_rights":true,"edit_workspace":true,"link_invite":"http:\/\/127.0.0.1:8000\/taskflow\/invite\/b\/66c31cca-58f2-42bf-9680-d421e0d09f9e\/gCwSjOM1ykSc5UtLMbp0PKt9kE15ek3E435b82Aa","complete":0,"created_at":"2024-10-26T07:17:35.000000Z","updated_at":"2024-10-26T07:17:35.000000Z"}  
[2024-10-28 10:12:18] local.INFO: Is Board Public: false  
[2024-10-28 10:12:18] local.INFO: Is Member Of Board: true  
[2024-10-28 10:12:18] local.INFO: User Role: Owner  
[2024-10-28 10:12:18] local.INFO: User has full access as Owner  
[2024-10-28 10:12:19] local.INFO: Board ID: 1  
[2024-10-28 10:12:19] local.INFO: Current Board: {"id":1,"workspace_id":1,"access":"private","name":"bang 1","description":null,"image":null,"comment_rights":true,"add_delete_rights":true,"edit_workspace":true,"link_invite":"http:\/\/127.0.0.1:8000\/taskflow\/invite\/b\/66c31cca-58f2-42bf-9680-d421e0d09f9e\/gCwSjOM1ykSc5UtLMbp0PKt9kE15ek3E435b82Aa","complete":0,"created_at":"2024-10-26T07:17:35.000000Z","updated_at":"2024-10-26T07:17:35.000000Z"}  
[2024-10-28 10:12:19] local.INFO: Is Board Public: false  
[2024-10-28 10:12:19] local.INFO: Is Member Of Board: true  
[2024-10-28 10:12:19] local.INFO: User Role: Owner  
[2024-10-28 10:12:19] local.INFO: User has full access as Owner  
[2024-10-28 10:30:39] local.INFO: Board ID: 1  
[2024-10-28 10:30:39] local.INFO: Current Board: {"id":1,"workspace_id":1,"access":"private","name":"bang 1","description":null,"image":null,"comment_rights":true,"add_delete_rights":true,"edit_workspace":true,"link_invite":"http:\/\/127.0.0.1:8000\/taskflow\/invite\/b\/66c31cca-58f2-42bf-9680-d421e0d09f9e\/gCwSjOM1ykSc5UtLMbp0PKt9kE15ek3E435b82Aa","complete":0,"created_at":"2024-10-26T07:17:35.000000Z","updated_at":"2024-10-26T07:17:35.000000Z"}  
[2024-10-28 10:30:39] local.INFO: Is Board Public: false  
[2024-10-28 10:30:39] local.INFO: Is Member Of Board: true  
[2024-10-28 10:30:39] local.INFO: User Role: Owner  
[2024-10-28 10:30:39] local.INFO: User has full access as Owner  
[2024-10-28 10:30:40] local.INFO: Board ID: 1  
[2024-10-28 10:30:40] local.INFO: Current Board: {"id":1,"workspace_id":1,"access":"private","name":"bang 1","description":null,"image":null,"comment_rights":true,"add_delete_rights":true,"edit_workspace":true,"link_invite":"http:\/\/127.0.0.1:8000\/taskflow\/invite\/b\/66c31cca-58f2-42bf-9680-d421e0d09f9e\/gCwSjOM1ykSc5UtLMbp0PKt9kE15ek3E435b82Aa","complete":0,"created_at":"2024-10-26T07:17:35.000000Z","updated_at":"2024-10-26T07:17:35.000000Z"}  
[2024-10-28 10:30:40] local.INFO: Is Board Public: false  
[2024-10-28 10:30:40] local.INFO: Is Member Of Board: true  
[2024-10-28 10:30:40] local.INFO: User Role: Owner  
[2024-10-28 10:30:40] local.INFO: User has full access as Owner  
[2024-10-28 10:30:47] local.INFO: Board ID: 1  
[2024-10-28 10:30:47] local.INFO: Current Board: {"id":1,"workspace_id":1,"access":"private","name":"bang 1","description":null,"image":null,"comment_rights":true,"add_delete_rights":true,"edit_workspace":true,"link_invite":"http:\/\/127.0.0.1:8000\/taskflow\/invite\/b\/66c31cca-58f2-42bf-9680-d421e0d09f9e\/gCwSjOM1ykSc5UtLMbp0PKt9kE15ek3E435b82Aa","complete":0,"created_at":"2024-10-26T07:17:35.000000Z","updated_at":"2024-10-26T07:17:35.000000Z"}  
[2024-10-28 10:30:47] local.INFO: Is Board Public: false  
[2024-10-28 10:30:47] local.INFO: Is Member Of Board: true  
[2024-10-28 10:30:47] local.INFO: User Role: Owner  
[2024-10-28 10:30:47] local.INFO: User has full access as Owner  
[2024-10-28 10:30:48] local.INFO: Board ID: 1  
[2024-10-28 10:30:48] local.INFO: Current Board: {"id":1,"workspace_id":1,"access":"private","name":"bang 1","description":null,"image":null,"comment_rights":true,"add_delete_rights":true,"edit_workspace":true,"link_invite":"http:\/\/127.0.0.1:8000\/taskflow\/invite\/b\/66c31cca-58f2-42bf-9680-d421e0d09f9e\/gCwSjOM1ykSc5UtLMbp0PKt9kE15ek3E435b82Aa","complete":0,"created_at":"2024-10-26T07:17:35.000000Z","updated_at":"2024-10-26T07:17:35.000000Z"}  
[2024-10-28 10:30:48] local.INFO: Is Board Public: false  
[2024-10-28 10:30:48] local.INFO: Is Member Of Board: true  
[2024-10-28 10:30:48] local.INFO: User Role: Owner  
[2024-10-28 10:30:48] local.INFO: User has full access as Owner  
[2024-10-28 10:31:34] local.INFO: Board ID: 1  
[2024-10-28 10:31:34] local.INFO: Current Board: {"id":1,"workspace_id":1,"access":"private","name":"bang 1","description":null,"image":null,"comment_rights":true,"add_delete_rights":true,"edit_workspace":true,"link_invite":"http:\/\/127.0.0.1:8000\/taskflow\/invite\/b\/66c31cca-58f2-42bf-9680-d421e0d09f9e\/gCwSjOM1ykSc5UtLMbp0PKt9kE15ek3E435b82Aa","complete":0,"created_at":"2024-10-26T07:17:35.000000Z","updated_at":"2024-10-26T07:17:35.000000Z"}  
[2024-10-28 10:31:34] local.INFO: Is Board Public: false  
[2024-10-28 10:31:34] local.INFO: Is Member Of Board: true  
[2024-10-28 10:31:34] local.INFO: User Role: Owner  
[2024-10-28 10:31:34] local.INFO: User has full access as Owner  
[2024-10-28 10:31:35] local.INFO: Board ID: 1  
[2024-10-28 10:31:35] local.INFO: Current Board: {"id":1,"workspace_id":1,"access":"private","name":"bang 1","description":null,"image":null,"comment_rights":true,"add_delete_rights":true,"edit_workspace":true,"link_invite":"http:\/\/127.0.0.1:8000\/taskflow\/invite\/b\/66c31cca-58f2-42bf-9680-d421e0d09f9e\/gCwSjOM1ykSc5UtLMbp0PKt9kE15ek3E435b82Aa","complete":0,"created_at":"2024-10-26T07:17:35.000000Z","updated_at":"2024-10-26T07:17:35.000000Z"}  
[2024-10-28 10:31:35] local.INFO: Is Board Public: false  
[2024-10-28 10:31:35] local.INFO: Is Member Of Board: true  
[2024-10-28 10:31:35] local.INFO: User Role: Owner  
[2024-10-28 10:31:35] local.INFO: User has full access as Owner  
[2024-10-28 10:33:06] local.INFO: Board ID: 1  
[2024-10-28 10:33:06] local.INFO: Current Board: {"id":1,"workspace_id":1,"access":"private","name":"bang 1","description":null,"image":null,"comment_rights":true,"add_delete_rights":true,"edit_workspace":true,"link_invite":"http:\/\/127.0.0.1:8000\/taskflow\/invite\/b\/66c31cca-58f2-42bf-9680-d421e0d09f9e\/gCwSjOM1ykSc5UtLMbp0PKt9kE15ek3E435b82Aa","complete":0,"created_at":"2024-10-26T07:17:35.000000Z","updated_at":"2024-10-26T07:17:35.000000Z"}  
[2024-10-28 10:33:06] local.INFO: Is Board Public: false  
[2024-10-28 10:33:06] local.INFO: Is Member Of Board: true  
[2024-10-28 10:33:06] local.INFO: User Role: Owner  
[2024-10-28 10:33:06] local.INFO: User has full access as Owner  
[2024-10-28 10:33:07] local.INFO: Board ID: 1  
[2024-10-28 10:33:07] local.INFO: Current Board: {"id":1,"workspace_id":1,"access":"private","name":"bang 1","description":null,"image":null,"comment_rights":true,"add_delete_rights":true,"edit_workspace":true,"link_invite":"http:\/\/127.0.0.1:8000\/taskflow\/invite\/b\/66c31cca-58f2-42bf-9680-d421e0d09f9e\/gCwSjOM1ykSc5UtLMbp0PKt9kE15ek3E435b82Aa","complete":0,"created_at":"2024-10-26T07:17:35.000000Z","updated_at":"2024-10-26T07:17:35.000000Z"}  
[2024-10-28 10:33:07] local.INFO: Is Board Public: false  
[2024-10-28 10:33:07] local.INFO: Is Member Of Board: true  
[2024-10-28 10:33:07] local.INFO: User Role: Owner  
[2024-10-28 10:33:07] local.INFO: User has full access as Owner  
[2024-10-28 10:34:53] local.INFO: Board ID: 1  
[2024-10-28 10:34:53] local.INFO: Current Board: {"id":1,"workspace_id":1,"access":"private","name":"bang 1","description":null,"image":null,"comment_rights":true,"add_delete_rights":true,"edit_workspace":true,"link_invite":"http:\/\/127.0.0.1:8000\/taskflow\/invite\/b\/66c31cca-58f2-42bf-9680-d421e0d09f9e\/gCwSjOM1ykSc5UtLMbp0PKt9kE15ek3E435b82Aa","complete":0,"created_at":"2024-10-26T07:17:35.000000Z","updated_at":"2024-10-26T07:17:35.000000Z"}  
[2024-10-28 10:34:53] local.INFO: Is Board Public: false  
[2024-10-28 10:34:53] local.INFO: Is Member Of Board: true  
[2024-10-28 10:34:53] local.INFO: User Role: Owner  
[2024-10-28 10:34:53] local.INFO: User has full access as Owner  
[2024-10-28 10:34:55] local.INFO: Board ID: 1  
[2024-10-28 10:34:55] local.INFO: Current Board: {"id":1,"workspace_id":1,"access":"private","name":"bang 1","description":null,"image":null,"comment_rights":true,"add_delete_rights":true,"edit_workspace":true,"link_invite":"http:\/\/127.0.0.1:8000\/taskflow\/invite\/b\/66c31cca-58f2-42bf-9680-d421e0d09f9e\/gCwSjOM1ykSc5UtLMbp0PKt9kE15ek3E435b82Aa","complete":0,"created_at":"2024-10-26T07:17:35.000000Z","updated_at":"2024-10-26T07:17:35.000000Z"}  
[2024-10-28 10:34:55] local.INFO: Is Board Public: false  
[2024-10-28 10:34:55] local.INFO: Is Member Of Board: true  
[2024-10-28 10:34:55] local.INFO: User Role: Owner  
[2024-10-28 10:34:55] local.INFO: User has full access as Owner  
[2024-10-28 10:36:20] local.INFO: Board ID: 1  
[2024-10-28 10:36:20] local.INFO: Current Board: {"id":1,"workspace_id":1,"access":"private","name":"bang 1","description":null,"image":null,"comment_rights":true,"add_delete_rights":true,"edit_workspace":true,"link_invite":"http:\/\/127.0.0.1:8000\/taskflow\/invite\/b\/66c31cca-58f2-42bf-9680-d421e0d09f9e\/gCwSjOM1ykSc5UtLMbp0PKt9kE15ek3E435b82Aa","complete":0,"created_at":"2024-10-26T07:17:35.000000Z","updated_at":"2024-10-26T07:17:35.000000Z"}  
[2024-10-28 10:36:20] local.INFO: Is Board Public: false  
[2024-10-28 10:36:20] local.INFO: Is Member Of Board: true  
[2024-10-28 10:36:20] local.INFO: User Role: Owner  
[2024-10-28 10:36:20] local.INFO: User has full access as Owner  
[2024-10-28 10:36:21] local.INFO: Board ID: 1  
[2024-10-28 10:36:21] local.INFO: Current Board: {"id":1,"workspace_id":1,"access":"private","name":"bang 1","description":null,"image":null,"comment_rights":true,"add_delete_rights":true,"edit_workspace":true,"link_invite":"http:\/\/127.0.0.1:8000\/taskflow\/invite\/b\/66c31cca-58f2-42bf-9680-d421e0d09f9e\/gCwSjOM1ykSc5UtLMbp0PKt9kE15ek3E435b82Aa","complete":0,"created_at":"2024-10-26T07:17:35.000000Z","updated_at":"2024-10-26T07:17:35.000000Z"}  
[2024-10-28 10:36:21] local.INFO: Is Board Public: false  
[2024-10-28 10:36:21] local.INFO: Is Member Of Board: true  
[2024-10-28 10:36:21] local.INFO: User Role: Owner  
[2024-10-28 10:36:21] local.INFO: User has full access as Owner  
[2024-10-28 10:43:11] local.INFO: Board ID: 1  
[2024-10-28 10:43:11] local.INFO: Current Board: {"id":1,"workspace_id":1,"access":"private","name":"bang 1","description":null,"image":null,"comment_rights":true,"add_delete_rights":true,"edit_workspace":true,"link_invite":"http:\/\/127.0.0.1:8000\/taskflow\/invite\/b\/66c31cca-58f2-42bf-9680-d421e0d09f9e\/gCwSjOM1ykSc5UtLMbp0PKt9kE15ek3E435b82Aa","complete":0,"created_at":"2024-10-26T07:17:35.000000Z","updated_at":"2024-10-26T07:17:35.000000Z"}  
[2024-10-28 10:43:11] local.INFO: Is Board Public: false  
[2024-10-28 10:43:11] local.INFO: Is Member Of Board: true  
[2024-10-28 10:43:11] local.INFO: User Role: Owner  
[2024-10-28 10:43:11] local.INFO: User has full access as Owner  
[2024-10-28 10:43:12] local.INFO: Board ID: 1  
[2024-10-28 10:43:12] local.INFO: Current Board: {"id":1,"workspace_id":1,"access":"private","name":"bang 1","description":null,"image":null,"comment_rights":true,"add_delete_rights":true,"edit_workspace":true,"link_invite":"http:\/\/127.0.0.1:8000\/taskflow\/invite\/b\/66c31cca-58f2-42bf-9680-d421e0d09f9e\/gCwSjOM1ykSc5UtLMbp0PKt9kE15ek3E435b82Aa","complete":0,"created_at":"2024-10-26T07:17:35.000000Z","updated_at":"2024-10-26T07:17:35.000000Z"}  
[2024-10-28 10:43:12] local.INFO: Is Board Public: false  
[2024-10-28 10:43:12] local.INFO: Is Member Of Board: true  
[2024-10-28 10:43:12] local.INFO: User Role: Owner  
[2024-10-28 10:43:12] local.INFO: User has full access as Owner  
